<?xml version="1.0" encoding="UTF-8"?>
<!-- Generated by org.testng.reporters.JUnitReportReporter -->
<testsuite hostname="Salos-MacBook-Air.local" failures="0" tests="1" name="com.google.java.firstTest" time="15.039" errors="0" timestamp="29 Apr 2023 16:53:09 GMT" skipped="0">
  <testcase classname="com.google.java.firstTest" name="f" time="15.039"/>
</testsuite> <!-- com.google.java.firstTest -->
